[2023-07-10 02:22:00,245] [43 root INFO] Fetched the processed data from database
[2023-07-10 02:22:01,993] [43 root INFO] Fetched the processed data from database
[2023-07-10 02:22:03,561] [54 root INFO] Default Chart generated successfully
[2023-07-10 02:22:12,175] [43 root INFO] Fetched the processed data from database
[2023-07-10 02:22:13,228] [54 root INFO] Default Chart generated successfully
[2023-07-10 02:22:23,952] [43 root INFO] Fetched the processed data from database
[2023-07-10 02:22:24,790] [54 root INFO] Default Chart generated successfully
[2023-07-10 02:22:31,283] [43 root INFO] Fetched the processed data from database
[2023-07-10 02:22:32,323] [54 root INFO] Default Chart generated successfully
[2023-07-10 02:23:27,866] [43 root INFO] Fetched the processed data from database
[2023-07-10 02:23:29,243] [43 root INFO] Fetched the processed data from database
[2023-07-10 02:23:30,223] [54 root INFO] Default Chart generated successfully
[2023-07-10 02:32:02,705] [43 root INFO] Fetched the processed data from database
[2023-07-10 02:32:04,014] [43 root INFO] Fetched the processed data from database
[2023-07-10 02:32:04,811] [54 root INFO] Default Chart generated successfully
[2023-07-10 02:32:39,361] [43 root INFO] Fetched the processed data from database
[2023-07-10 02:32:39,603] [70 root INFO] Monthly Chart generated successfully
[2023-07-10 02:32:42,118] [43 root INFO] Fetched the processed data from database
[2023-07-10 02:32:42,327] [89 root INFO] Yearly Chart generated successfully
[2023-07-10 02:32:45,498] [43 root INFO] Fetched the processed data from database
[2023-07-10 02:32:45,836] [141 root INFO] Yearly Month wise Chart generated successfully
[2023-07-10 02:32:48,432] [43 root INFO] Fetched the processed data from database
[2023-07-10 02:32:48,753] [119 root INFO] 2017 Chart generated successfully
[2023-07-10 02:32:48,973] [119 root INFO] 2018 Chart generated successfully
[2023-07-10 02:32:49,279] [119 root INFO] 2019 Chart generated successfully
[2023-07-10 02:32:56,057] [43 root INFO] Fetched the processed data from database
[2023-07-10 02:32:56,366] [119 root INFO] 2017 Chart generated successfully
[2023-07-10 02:32:56,576] [119 root INFO] 2018 Chart generated successfully
[2023-07-10 02:32:56,873] [119 root INFO] 2019 Chart generated successfully
