[2023-07-15 17:57:14,202] [30 root INFO] Downloaded the csv file
[2023-07-15 17:57:18,000] [60 root INFO] Generated Monthly total to Discount Amount plot
[2023-07-15 17:57:24,319] [79 root INFO] Generated Yearly total to Discount Amount plot
[2023-07-15 17:57:28,012] [96 root INFO] Generated Yearly month wise bar chart to Discount Amount plot
[2023-07-15 17:57:45,643] [108 root INFO] Generated Yearly month wise line chart to Discount Amount plot
[2023-07-15 17:57:51,851] [60 root INFO] Generated Monthly total to Discount Amount plot
[2023-07-15 17:57:54,992] [79 root INFO] Generated Yearly total to Discount Amount plot
[2023-07-15 17:57:57,261] [96 root INFO] Generated Yearly month wise bar chart to Discount Amount plot
[2023-07-15 17:58:01,683] [60 root INFO] Generated Monthly total to Discount Amount plot
[2023-07-15 17:58:43,962] [60 root INFO] Generated Monthly total to Discount Amount plot
[2023-07-15 17:58:46,635] [79 root INFO] Generated Yearly total to Discount Amount plot
[2023-07-15 17:59:01,830] [79 root INFO] Generated Yearly total to Discount Amount plot
[2023-07-15 17:59:06,312] [96 root INFO] Generated Yearly month wise bar chart to Discount Amount plot
[2023-07-15 17:59:46,156] [108 root INFO] Generated Yearly month wise line chart to Discount Amount plot
[2023-07-15 17:59:54,537] [133 root INFO] Generated Monthly Year wise to Discount Amount plot
[2023-07-15 18:00:15,856] [157 root INFO] Plotted Uni variate plot
[2023-07-15 18:02:19,092] [159 root INFO] Plotted Uni variate plot
[2023-07-15 18:03:12,654] [180 root INFO] Plotted Bi variate plot
[2023-07-15 18:06:20,924] [182 root INFO] Plotted Bi variate plot
[2023-07-15 18:07:17,109] [181 root INFO] Plotted Bi variate plot
[2023-07-15 18:07:30,171] [30 root INFO] Downloaded the csv file
[2023-07-15 18:08:20,133] [30 root INFO] Downloaded the csv file
[2023-07-15 18:09:11,934] [30 root INFO] Downloaded the csv file
[2023-07-15 18:10:27,280] [30 root INFO] Downloaded the csv file
